<?xml version="1.0" encoding="UTF-8"?>
<!-- Generated by org.testng.reporters.JUnitXMLReporter -->
<testsuite hostname="gamzes-MBP.fios-router.home" ignored="0" name="Default test" tests="2" failures="0" timestamp="2020-07-29T22:31:16 EDT" time="179.308" errors="0">
  <testcase name="verifySearchPageTitle" time="0.061" classname="com.qa.hotels.tests.TestCase1"/>
  <testcase name="searchThreeStarsHilton" time="170.227" classname="com.qa.hotels.tests.TestCase1"/>
</testsuite> <!-- Default test -->
